<?xml version="1.0" encoding="UTF-8"?>
<testsuite name="TestSuite" time="2.504" tests="17" errors="0" skipped="15" failures="0">
  <properties>
    <property name="java.vendor" value="Oracle Corporation"/>
    <property name="JOB_NAME" value="SeleniumMvnTest"/>
    <property name="sun.java.launcher" value="SUN_STANDARD"/>
    <property name="NUMBER_OF_PROCESSORS" value="8"/>
    <property name="sun.management.compiler" value="HotSpot 64-Bit Tiered Compilers"/>
    <property name="JENKINS_HOME" value="C:\Users\shunmugam\.jenkins"/>
    <property name="COMPOSE_CONVERT_WINDOWS_PATHS" value="true"/>
    <property name="HUDSON_SERVER_COOKIE" value="9314c624e6cd05fd"/>
    <property name="POM_ARTIFACTID" value="LearningSeleniumTestNg"/>
    <property name="os.name" value="Windows 10"/>
    <property name="sun.boot.class.path" value="C:\Program Files\Java\jre1.8.0_172\lib\resources.jar;C:\Program Files\Java\jre1.8.0_172\lib\rt.jar;C:\Program Files\Java\jre1.8.0_172\lib\sunrsasign.jar;C:\Program Files\Java\jre1.8.0_172\lib\jsse.jar;C:\Program Files\Java\jre1.8.0_172\lib\jce.jar;C:\Program Files\Java\jre1.8.0_172\lib\charsets.jar;C:\Program Files\Java\jre1.8.0_172\lib\jfr.jar;C:\Program Files\Java\jre1.8.0_172\classes"/>
    <property name="EXECUTOR_NUMBER" value="1"/>
    <property name="sun.desktop" value="windows"/>
    <property name="PATHEXT" value=".COM;.EXE;.BAT;.CMD;.VBS;.VBE;.JS;.JSE;.WSF;.WSH;.MSC"/>
    <property name="java.vm.specification.vendor" value="Oracle Corporation"/>
    <property name="POM_DISPLAYNAME" value="LearningSeleniumTestNg"/>
    <property name="NODE_LABELS" value="master"/>
    <property name="DOCKER_TLS_VERIFY" value="1"/>
    <property name="TEMP" value="C:\Users\shunmugam\AppData\Local\Temp"/>
    <property name="java.runtime.version" value="1.8.0_172-b11"/>
    <property name="user.name" value="shunmugam"/>
    <property name="DOCKER_HOST" value="tcp://192.168.99.100:2376"/>
    <property name="guice.disable.misplaced.annotation.check" value="true"/>
    <property name="CommonProgramW6432" value="C:\Program Files\Common Files"/>
    <property name="ProgramFiles" value="C:\Program Files"/>
    <property name="PROMPT" value="$P$G"/>
    <property name="user.language" value="en"/>
    <property name="JOB_BASE_NAME" value="SeleniumMvnTest"/>
    <property name="RUN_CHANGES_DISPLAY_URL" value="http://localhost:8080/job/SeleniumMvnTest/23/display/redirect?page=changes"/>
    <property name="BUILD_DISPLAY_NAME" value="#23"/>
    <property name="OneDrive" value="C:\Users\shunmugam\OneDrive"/>
    <property name="sun.boot.library.path" value="C:\Program Files\Java\jre1.8.0_172\bin"/>
    <property name="DOCKER_TOOLBOX_INSTALL_PATH" value="C:\Program Files\Docker Toolbox"/>
    <property name="LOCALAPPDATA" value="C:\Users\shunmugam\AppData\Local"/>
    <property name="java.version" value="1.8.0_172"/>
    <property name="PROCESSOR_LEVEL" value="6"/>
    <property name="user.timezone" value="Asia/Calcutta"/>
    <property name="USERNAME" value="shunmugam"/>
    <property name="sun.arch.data.model" value="64"/>
    <property name="NODE_NAME" value="master"/>
    <property name="java.endorsed.dirs" value="C:\Program Files\Java\jre1.8.0_172\lib\endorsed"/>
    <property name="BUILD_ID" value="23"/>
    <property name="sun.cpu.isalist" value="amd64"/>
    <property name="sun.jnu.encoding" value="Cp1252"/>
    <property name="file.encoding.pkg" value="sun.io"/>
    <property name="file.separator" value="\"/>
    <property name="java.specification.name" value="Java Platform API Specification"/>
    <property name="HOMEDRIVE" value="C:"/>
    <property name="maven.conf" value="C:\Users\shunmugam\.jenkins\tools\hudson.tasks.Maven_MavenInstallation\MavenJenkin\conf"/>
    <property name="java.class.version" value="52.0"/>
    <property name="=::" value="::\"/>
    <property name="org.slf4j.simpleLogger.defaultLogLevel" value="info"/>
    <property name="user.country" value="IN"/>
    <property name="ALLUSERSPROFILE" value="C:\ProgramData"/>
    <property name="java.home" value="C:\Program Files\Java\jre1.8.0_172"/>
    <property name="java.vm.info" value="mixed mode"/>
    <property name="os.version" value="10.0"/>
    <property name="=F:" value="F:\Installable\Jenkins"/>
    <property name="=ExitCode" value="00000082"/>
    <property name="RUN_DISPLAY_URL" value="http://localhost:8080/job/SeleniumMvnTest/23/display/redirect"/>
    <property name="POM_VERSION" value="0.0.1-SNAPSHOT"/>
    <property name="TMP" value="C:\Users\shunmugam\AppData\Local\Temp"/>
    <property name="path.separator" value=";"/>
    <property name="java.vm.version" value="25.172-b11"/>
    <property name="user.variant" value=""/>
    <property name="JOB_DISPLAY_URL" value="http://localhost:8080/job/SeleniumMvnTest/display/redirect"/>
    <property name="CommonProgramFiles(x86)" value="C:\Program Files (x86)\Common Files"/>
    <property name="USERDOMAIN_ROAMINGPROFILE" value="LTSSENTHIV"/>
    <property name="java.awt.printerjob" value="sun.awt.windows.WPrinterJob"/>
    <property name="CommonProgramFiles" value="C:\Program Files\Common Files"/>
    <property name="JAVA_HOME" value="C:\Program Files\Java\jdk1.8.0_172"/>
    <property name="sun.io.unicode.encoding" value="UnicodeLittle"/>
    <property name="ComSpec" value="C:\WINDOWS\system32\cmd.exe"/>
    <property name="awt.toolkit" value="sun.awt.windows.WToolkit"/>
    <property name="HOMEPATH" value="\Users\shunmugam"/>
    <property name="POM_PACKAGING" value="jar"/>
    <property name="user.script" value=""/>
    <property name="COMPUTERNAME" value="LTSSENTHIV"/>
    <property name="POM_GROUPID" value="SeleniumTestNg"/>
    <property name="VBOX_MSI_INSTALL_PATH" value="C:\Program Files\Oracle\VirtualBox\"/>
    <property name="user.home" value="C:\Users\shunmugam"/>
    <property name="DOCKER_CERT_PATH" value="C:\Users\shunmugam\.docker\machine\machines\default"/>
    <property name="PUBLIC" value="C:\Users\Public"/>
    <property name="BUILD_TAG" value="jenkins-SeleniumMvnTest-23"/>
    <property name="JENKINS_SERVER_COOKIE" value="9314c624e6cd05fd"/>
    <property name="HUDSON_URL" value="http://localhost:8080/"/>
    <property name="ProgramData" value="C:\ProgramData"/>
    <property name="java.specification.vendor" value="Oracle Corporation"/>
    <property name="USERPROFILE" value="C:\Users\shunmugam"/>
    <property name="CLASSPATH" value=""/>
    <property name="java.vendor.url" value="http://java.oracle.com/"/>
    <property name="java.library.path" value="C:\Program Files (x86)\Common Files\Oracle\Java\javapath;C:\WINDOWS\Sun\Java\bin;C:\WINDOWS\system32;C:\WINDOWS;C:\Users\shunmugam\.jenkins\tools\hudson.tasks.Maven_MavenInstallation\MavenJenkin/bin;F:\app\oracle\product\12.1.0\dbhome_1\bin;C:\Program Files (x86)\Common Files\Oracle\Java\javapath;C:\Program Files (x86)\Intel\Intel(R) Management Engine Components\iCLS\;C:\Program Files\Intel\Intel(R) Management Engine Components\iCLS\;C:\WINDOWS\system32;C:\WINDOWS;C:\WINDOWS\System32\Wbem;C:\WINDOWS\System32\WindowsPowerShell\v1.0\;C:\Program Files (x86)\Intel\Intel(R) Management Engine Components\DAL;C:\Program Files\Intel\Intel(R) Management Engine Components\DAL;C:\Program Files (x86)\Intel\Intel(R) Management Engine Components\IPT;C:\Program Files\Intel\Intel(R) Management Engine Components\IPT;C:\Users\shunmugam\AppData\Local\Android\Sdk\platform-tools;F:\Installable\Maven\apache-maven-3.5.0\bin;C:\Program Files\Git\cmd;C:\WINDOWS\System32\OpenSSH\;F:\Installable\selenium\consilio\apache-ant-1.9.4\bin;C:\Users\shunmugam\AppData\Local\Microsoft\WindowsApps;;C:\Program Files\Docker Toolbox;."/>
    <property name="java.vm.vendor" value="Oracle Corporation"/>
    <property name="APPDATA" value="C:\Users\shunmugam\AppData\Roaming"/>
    <property name="java.runtime.name" value="Java(TM) SE Runtime Environment"/>
    <property name="maven.home" value="C:\Users\shunmugam\.jenkins\tools\hudson.tasks.Maven_MavenInstallation\MavenJenkin"/>
    <property name="java.class.path" value="C:\Users\shunmugam\.jenkins\plugins\maven-plugin\WEB-INF\lib\maven35-agent-1.12-alpha-1.jar;C:\Users\shunmugam\.jenkins\tools\hudson.tasks.Maven_MavenInstallation\MavenJenkin\boot\plexus-classworlds-2.5.2.jar;C:\Users\shunmugam\.jenkins\tools\hudson.tasks.Maven_MavenInstallation\MavenJenkin/conf/logging"/>
    <property name="sun.java.command" value="jenkins.maven3.agent.Maven35Main C:\Users\shunmugam\.jenkins\tools\hudson.tasks.Maven_MavenInstallation\MavenJenkin C:\Users\shunmugam\.jenkins\war\WEB-INF\lib\remoting-3.21.jar C:\Users\shunmugam\.jenkins\plugins\maven-plugin\WEB-INF\lib\maven35-interceptor-1.12-alpha-1.jar C:\Users\shunmugam\.jenkins\plugins\maven-plugin\WEB-INF\lib\maven3-interceptor-commons-1.12-alpha-1.jar 57742"/>
    <property name="Path" value="F:\app\oracle\product\12.1.0\dbhome_1\bin;C:\Program Files (x86)\Common Files\Oracle\Java\javapath;C:\Program Files (x86)\Intel\Intel(R) Management Engine Components\iCLS\;C:\Program Files\Intel\Intel(R) Management Engine Components\iCLS\;C:\WINDOWS\system32;C:\WINDOWS;C:\WINDOWS\System32\Wbem;C:\WINDOWS\System32\WindowsPowerShell\v1.0\;C:\Program Files (x86)\Intel\Intel(R) Management Engine Components\DAL;C:\Program Files\Intel\Intel(R) Management Engine Components\DAL;C:\Program Files (x86)\Intel\Intel(R) Management Engine Components\IPT;C:\Program Files\Intel\Intel(R) Management Engine Components\IPT;C:\Users\shunmugam\AppData\Local\Android\Sdk\platform-tools;F:\Installable\Maven\apache-maven-3.5.0\bin;C:\Program Files\Git\cmd;C:\WINDOWS\System32\OpenSSH\;F:\Installable\selenium\consilio\apache-ant-1.9.4\bin;C:\Users\shunmugam\AppData\Local\Microsoft\WindowsApps;;C:\Program Files\Docker Toolbox"/>
    <property name="java.vm.specification.name" value="Java Virtual Machine Specification"/>
    <property name="PROCESSOR_ARCHITECTURE" value="AMD64"/>
    <property name="PROCESSOR_IDENTIFIER" value="Intel64 Family 6 Model 142 Stepping 10, GenuineIntel"/>
    <property name="SESSIONNAME" value="Console"/>
    <property name="java.vm.specification.version" value="1.8"/>
    <property name="sun.os.patch.level" value=""/>
    <property name="sun.cpu.endian" value="little"/>
    <property name="M2_HOME" value="C:\Users\shunmugam\.jenkins\tools\hudson.tasks.Maven_MavenInstallation\MavenJenkin"/>
    <property name="java.io.tmpdir" value="C:\Users\shunmugam\AppData\Local\Temp\"/>
    <property name="OS" value="Windows_NT"/>
    <property name="HUDSON_HOME" value="C:\Users\shunmugam\.jenkins"/>
    <property name="PATH+MAVEN" value="C:\Users\shunmugam\.jenkins\tools\hudson.tasks.Maven_MavenInstallation\MavenJenkin/bin"/>
    <property name="ProgramFiles(x86)" value="C:\Program Files (x86)"/>
    <property name="BUILD_URL" value="http://localhost:8080/job/SeleniumMvnTest/23/"/>
    <property name="java.vendor.url.bug" value="http://bugreport.sun.com/bugreport/"/>
    <property name="java.awt.graphicsenv" value="sun.awt.Win32GraphicsEnvironment"/>
    <property name="os.arch" value="amd64"/>
    <property name="SystemRoot" value="C:\WINDOWS"/>
    <property name="java.ext.dirs" value="C:\Program Files\Java\jre1.8.0_172\lib\ext;C:\WINDOWS\Sun\Java\lib\ext"/>
    <property name="user.dir" value="F:\Installable\TestAutomation\Workspace\SeleniumTestNgMaven"/>
    <property name="JOB_URL" value="http://localhost:8080/job/SeleniumMvnTest/"/>
    <property name="LOGONSERVER" value="\\LTSSENTHIV"/>
    <property name="USERDOMAIN" value="LTSSENTHIV"/>
    <property name="line.separator" value="&#10;"/>
    <property name="MAVEN_HOME" value="C:\Users\shunmugam\.jenkins\tools\hudson.tasks.Maven_MavenInstallation\MavenJenkin"/>
    <property name="java.vm.name" value="Java HotSpot(TM) 64-Bit Server VM"/>
    <property name="BUILD_NUMBER" value="23"/>
    <property name="ANDROID_HOME" value="C:\Users\shunmugam\AppData\Local\Android\Sdk"/>
    <property name="JENKINS_URL" value="http://localhost:8080/"/>
    <property name="PROCESSOR_REVISION" value="8e0a"/>
    <property name="ProgramW6432" value="C:\Program Files"/>
    <property name="windir" value="C:\WINDOWS"/>
    <property name="=C:" value="C:\Users\shunmugam"/>
    <property name="file.encoding" value="Cp1252"/>
    <property name="SystemDrive" value="C:"/>
    <property name="maven3.interceptor" value="C:\Users\shunmugam\.jenkins\plugins\maven-plugin\WEB-INF\lib\maven35-interceptor-1.12-alpha-1.jar"/>
    <property name="WORKSPACE" value="F:\Installable\TestAutomation\Workspace"/>
    <property name="NO_PROXY" value="192.168.99.100"/>
    <property name="maven3.interceptor.common" value="C:\Users\shunmugam\.jenkins\plugins\maven-plugin\WEB-INF\lib\maven3-interceptor-commons-1.12-alpha-1.jar"/>
    <property name="DOCKER_MACHINE_NAME" value="default"/>
    <property name="java.specification.version" value="1.8"/>
    <property name="PSModulePath" value="C:\Program Files\WindowsPowerShell\Modules;C:\WINDOWS\system32\WindowsPowerShell\v1.0\Modules"/>
    <property name="DriverData" value="C:\Windows\System32\Drivers\DriverData"/>
  </properties>
  <testcase name="SuiteTestingFormInValidDataTestPOM" classname="com.tractiondigital.SuiteTestingForm.SuiteTestingFormInValidDataTest" time="2.504"/>
  <testcase name="SuiteTestingFormInValidDataTestPOM" classname="com.tractiondigital.SuiteTestingForm.SuiteTestingFormInValidDataTest" time="2.344"/>
  <testcase name="SuiteTestingFormInValidDataTestPOM" classname="com.tractiondigital.SuiteTestingForm.SuiteTestingFormInValidDataTest" time="0">
    <skipped/>
    <system-out><![CDATA[ INFO [main] (SuiteBase.java:1773) - SuiteTestingFormInValidDataTest :- Reporting test data set line '2' as PASS In excel.
 INFO [main] (SuiteBase.java:1776) - SuiteTestingFormInValidDataTest :- *************************************************
]]></system-out>
  </testcase>
  <testcase name="SuiteTestingFormInValidDataTestPOM" classname="com.tractiondigital.SuiteTestingForm.SuiteTestingFormInValidDataTest" time="0">
    <skipped/>
    <system-out><![CDATA[ INFO [main] (SuiteBase.java:1748) - SuiteTestingFormInValidDataTest :- Reporting test data set line '3' as SKIP In excel.
 INFO [main] (SuiteBase.java:1751) - SuiteTestingFormInValidDataTest :- *************************************************
]]></system-out>
  </testcase>
  <testcase name="SuiteTestingFormInValidDataTestPOM" classname="com.tractiondigital.SuiteTestingForm.SuiteTestingFormInValidDataTest" time="0">
    <skipped/>
    <system-out><![CDATA[ INFO [main] (SuiteBase.java:1748) - SuiteTestingFormInValidDataTest :- Reporting test data set line '4' as SKIP In excel.
 INFO [main] (SuiteBase.java:1751) - SuiteTestingFormInValidDataTest :- *************************************************
]]></system-out>
  </testcase>
  <testcase name="SuiteTestingFormInValidDataTestPOM" classname="com.tractiondigital.SuiteTestingForm.SuiteTestingFormInValidDataTest" time="0">
    <skipped/>
    <system-out><![CDATA[ INFO [main] (SuiteBase.java:1748) - SuiteTestingFormInValidDataTest :- Reporting test data set line '5' as SKIP In excel.
 INFO [main] (SuiteBase.java:1751) - SuiteTestingFormInValidDataTest :- *************************************************
]]></system-out>
  </testcase>
  <testcase name="SuiteTestingFormInValidDataTestPOM" classname="com.tractiondigital.SuiteTestingForm.SuiteTestingFormInValidDataTest" time="0">
    <skipped/>
    <system-out><![CDATA[ INFO [main] (SuiteBase.java:1748) - SuiteTestingFormInValidDataTest :- Reporting test data set line '6' as SKIP In excel.
 INFO [main] (SuiteBase.java:1751) - SuiteTestingFormInValidDataTest :- *************************************************
]]></system-out>
  </testcase>
  <testcase name="SuiteTestingFormInValidDataTestPOM" classname="com.tractiondigital.SuiteTestingForm.SuiteTestingFormInValidDataTest" time="0">
    <skipped/>
    <system-out><![CDATA[ INFO [main] (SuiteBase.java:1748) - SuiteTestingFormInValidDataTest :- Reporting test data set line '7' as SKIP In excel.
 INFO [main] (SuiteBase.java:1751) - SuiteTestingFormInValidDataTest :- *************************************************
]]></system-out>
  </testcase>
  <testcase name="SuiteTestingFormInValidDataTestPOM" classname="com.tractiondigital.SuiteTestingForm.SuiteTestingFormInValidDataTest" time="0">
    <skipped/>
    <system-out><![CDATA[ INFO [main] (SuiteBase.java:1748) - SuiteTestingFormInValidDataTest :- Reporting test data set line '8' as SKIP In excel.
 INFO [main] (SuiteBase.java:1751) - SuiteTestingFormInValidDataTest :- *************************************************
]]></system-out>
  </testcase>
  <testcase name="checkCaseToRun" classname="com.tractiondigital.SuiteTestingForm.SuiteTestingFormValidDataTest" time="0">
    <skipped/>
    <system-out><![CDATA[ INFO [main] (SuiteBase.java:1748) - SuiteTestingFormInValidDataTest :- Reporting test data set line '9' as SKIP In excel.
 INFO [main] (SuiteBase.java:1751) - SuiteTestingFormInValidDataTest :- *************************************************
 INFO [main] (SuiteBase.java:1795) - ******************************** End of Execution for :- SuiteTestingFormInValidDataTest *************************************
]]></system-out>
  </testcase>
  <testcase name="SuiteTestingFormValidDataTestPOM" classname="com.tractiondigital.SuiteTestingForm.SuiteTestingFormValidDataTest" time="0">
    <skipped/>
  </testcase>
  <testcase name="SuiteTestingFormValidDataTestPOM" classname="com.tractiondigital.SuiteTestingForm.SuiteTestingFormValidDataTest" time="0">
    <skipped/>
  </testcase>
  <testcase name="SuiteTestingFormValidDataTestPOM" classname="com.tractiondigital.SuiteTestingForm.SuiteTestingFormValidDataTest" time="0">
    <skipped/>
  </testcase>
  <testcase name="reporterDataResults" classname="com.tractiondigital.SuiteTestingForm.SuiteTestingFormValidDataTest" time="0">
    <skipped/>
  </testcase>
  <testcase name="reporterDataResults" classname="com.tractiondigital.SuiteTestingForm.SuiteTestingFormValidDataTest" time="0">
    <skipped/>
  </testcase>
  <testcase name="reporterDataResults" classname="com.tractiondigital.SuiteTestingForm.SuiteTestingFormValidDataTest" time="0">
    <skipped/>
  </testcase>
  <testcase name="endTest" classname="com.tractiondigital.SuiteTestingForm.SuiteTestingFormValidDataTest" time="0">
    <skipped/>
  </testcase>
</testsuite>