<?xml version="1.0" encoding="UTF-8"?>
<!-- Generated by org.testng.reporters.JUnitReportReporter -->
<testsuite skipped="0" hostname="LTSSENTHIV" name="LearningSeleniumTestNg.useElementLocators" tests="1" failures="0" timestamp="01 May 2018 14:00:12 GMT" time="29.738" errors="0">
  <testcase name="elementLocatorTechniquesFacebook" time="29.738" classname="LearningSeleniumTestNg.useElementLocators"/>
</testsuite> <!-- LearningSeleniumTestNg.useElementLocators -->
