<?xml version="1.0" encoding="UTF-8"?>
<!-- Generated by org.testng.reporters.JUnitReportReporter -->
<testsuite skipped="0" hostname="LTSSENTHIV" name="LearningSeleniumTestNg.demoPOMTest" tests="1" failures="0" timestamp="03 Jun 2018 08:05:05 GMT" time="45.574" errors="0">
  <testcase name="clickAzaonPage" time="45.574" classname="LearningSeleniumTestNg.demoPOMTest"/>
</testsuite> <!-- LearningSeleniumTestNg.demoPOMTest -->
