<?xml version="1.0" encoding="UTF-8"?>
<!-- Generated by org.testng.reporters.JUnitReportReporter -->
<testsuite skipped="0" hostname="LTSSENTHIV" name="LearningSeleniumTestNg.TestCase1" tests="1" failures="0" timestamp="29 May 2018 14:45:38 GMT" time="37.331" errors="0">
  <testcase name="getCommands" time="37.331" classname="LearningSeleniumTestNg.TestCase1"/>
</testsuite> <!-- LearningSeleniumTestNg.TestCase1 -->
