<?xml version="1.0" encoding="UTF-8"?>
<!-- Generated by org.testng.reporters.JUnitReportReporter -->
<testsuite skipped="8" hostname="LTSSENTHIV" name="com.tractiondigital.SuiteTestingForm.SuiteTestingFormInValidDataTest" tests="9" failures="0" timestamp="12 Aug 2018 06:49:11 GMT" time="2.294" errors="0">
  <testcase name="SuiteTestingFormInValidDataTestPOM" time="0.007" classname="com.tractiondigital.SuiteTestingForm.SuiteTestingFormInValidDataTest">
    <skipped/>
  </testcase> <!-- SuiteTestingFormInValidDataTestPOM -->
  <testcase name="SuiteTestingFormInValidDataTestPOM" time="0.006" classname="com.tractiondigital.SuiteTestingForm.SuiteTestingFormInValidDataTest">
    <skipped/>
  </testcase> <!-- SuiteTestingFormInValidDataTestPOM -->
  <testcase name="SuiteTestingFormInValidDataTestPOM" time="2.226" classname="com.tractiondigital.SuiteTestingForm.SuiteTestingFormInValidDataTest"/>
  <testcase name="SuiteTestingFormInValidDataTestPOM" time="0.007" classname="com.tractiondigital.SuiteTestingForm.SuiteTestingFormInValidDataTest">
    <skipped/>
  </testcase> <!-- SuiteTestingFormInValidDataTestPOM -->
  <testcase name="SuiteTestingFormInValidDataTestPOM" time="0.010" classname="com.tractiondigital.SuiteTestingForm.SuiteTestingFormInValidDataTest">
    <skipped/>
  </testcase> <!-- SuiteTestingFormInValidDataTestPOM -->
  <testcase name="SuiteTestingFormInValidDataTestPOM" time="0.008" classname="com.tractiondigital.SuiteTestingForm.SuiteTestingFormInValidDataTest">
    <skipped/>
  </testcase> <!-- SuiteTestingFormInValidDataTestPOM -->
  <testcase name="SuiteTestingFormInValidDataTestPOM" time="0.010" classname="com.tractiondigital.SuiteTestingForm.SuiteTestingFormInValidDataTest">
    <skipped/>
  </testcase> <!-- SuiteTestingFormInValidDataTestPOM -->
  <testcase name="SuiteTestingFormInValidDataTestPOM" time="0.011" classname="com.tractiondigital.SuiteTestingForm.SuiteTestingFormInValidDataTest">
    <skipped/>
  </testcase> <!-- SuiteTestingFormInValidDataTestPOM -->
  <testcase name="SuiteTestingFormInValidDataTestPOM" time="0.009" classname="com.tractiondigital.SuiteTestingForm.SuiteTestingFormInValidDataTest">
    <skipped/>
  </testcase> <!-- SuiteTestingFormInValidDataTestPOM -->
</testsuite> <!-- com.tractiondigital.SuiteTestingForm.SuiteTestingFormInValidDataTest -->
