<?xml version="1.0" encoding="UTF-8"?>
<!-- Generated by org.testng.reporters.JUnitReportReporter -->
<testsuite skipped="9" hostname="LTSSENTHIV" name="com.tractiondigital.SuiteTestingForm.SuiteTestingFormInValidData" tests="9" failures="0" timestamp="03 Jun 2018 13:01:03 GMT" time="0.000" errors="0">
  <testcase name="SuiteTestingFormInValidDataTest" time="0.000" classname="com.tractiondigital.SuiteTestingForm.SuiteTestingFormInValidData">
    <skipped/>
  </testcase> <!-- SuiteTestingFormInValidDataTest -->
  <testcase name="SuiteTestingFormInValidDataTest" time="0.000" classname="com.tractiondigital.SuiteTestingForm.SuiteTestingFormInValidData">
    <skipped/>
  </testcase> <!-- SuiteTestingFormInValidDataTest -->
  <testcase name="SuiteTestingFormInValidDataTest" time="0.000" classname="com.tractiondigital.SuiteTestingForm.SuiteTestingFormInValidData">
    <skipped/>
  </testcase> <!-- SuiteTestingFormInValidDataTest -->
  <testcase name="SuiteTestingFormInValidDataTest" time="0.000" classname="com.tractiondigital.SuiteTestingForm.SuiteTestingFormInValidData">
    <skipped/>
  </testcase> <!-- SuiteTestingFormInValidDataTest -->
  <testcase name="SuiteTestingFormInValidDataTest" time="0.000" classname="com.tractiondigital.SuiteTestingForm.SuiteTestingFormInValidData">
    <skipped/>
  </testcase> <!-- SuiteTestingFormInValidDataTest -->
  <testcase name="SuiteTestingFormInValidDataTest" time="0.000" classname="com.tractiondigital.SuiteTestingForm.SuiteTestingFormInValidData">
    <skipped/>
  </testcase> <!-- SuiteTestingFormInValidDataTest -->
  <testcase name="SuiteTestingFormInValidDataTest" time="0.000" classname="com.tractiondigital.SuiteTestingForm.SuiteTestingFormInValidData">
    <skipped/>
  </testcase> <!-- SuiteTestingFormInValidDataTest -->
  <testcase name="SuiteTestingFormInValidDataTest" time="0.000" classname="com.tractiondigital.SuiteTestingForm.SuiteTestingFormInValidData">
    <skipped/>
  </testcase> <!-- SuiteTestingFormInValidDataTest -->
  <testcase name="SuiteTestingFormInValidDataTest" time="0.000" classname="com.tractiondigital.SuiteTestingForm.SuiteTestingFormInValidData">
    <skipped/>
  </testcase> <!-- SuiteTestingFormInValidDataTest -->
</testsuite> <!-- com.tractiondigital.SuiteTestingForm.SuiteTestingFormInValidData -->
