<?xml version="1.0" encoding="UTF-8"?>
<!-- Generated by org.testng.reporters.JUnitReportReporter -->
<testsuite skipped="0" hostname="LTSSENTHIV" name="LearningSeleniumTestNg.demoPOMPage" tests="1" failures="0" timestamp="04 May 2018 12:06:16 GMT" time="26.108" errors="0">
  <testcase name="navigateCommands" time="26.108" classname="LearningSeleniumTestNg.demoPOMPage"/>
</testsuite> <!-- LearningSeleniumTestNg.demoPOMPage -->
