<?xml version="1.0" encoding="UTF-8"?>
<!-- Generated by org.testng.reporters.JUnitReportReporter -->
<testsuite skipped="0" hostname="LTSSENTHIV" name="LearningSeleniumTestNg.handlingMultipleWindows" tests="1" failures="0" timestamp="31 May 2018 03:29:21 GMT" time="85309.844" errors="0">
  <testcase name="getCommands" time="85309.844" classname="LearningSeleniumTestNg.handlingMultipleWindows"/>
</testsuite> <!-- LearningSeleniumTestNg.handlingMultipleWindows -->
