<?xml version="1.0" encoding="UTF-8"?>
<!-- Generated by org.testng.reporters.JUnitReportReporter -->
<testsuite skipped="3" hostname="LTSSENTHIV" name="com.tractiondigital.SuiteTestingForm.SuiteTestingFormValidData" tests="3" failures="0" timestamp="03 Jun 2018 13:01:03 GMT" time="0.000" errors="0">
  <testcase name="SuiteTestingFormValidDataTest" time="0.000" classname="com.tractiondigital.SuiteTestingForm.SuiteTestingFormValidData">
    <skipped/>
  </testcase> <!-- SuiteTestingFormValidDataTest -->
  <testcase name="SuiteTestingFormValidDataTest" time="0.000" classname="com.tractiondigital.SuiteTestingForm.SuiteTestingFormValidData">
    <skipped/>
  </testcase> <!-- SuiteTestingFormValidDataTest -->
  <testcase name="SuiteTestingFormValidDataTest" time="0.000" classname="com.tractiondigital.SuiteTestingForm.SuiteTestingFormValidData">
    <skipped/>
  </testcase> <!-- SuiteTestingFormValidDataTest -->
</testsuite> <!-- com.tractiondigital.SuiteTestingForm.SuiteTestingFormValidData -->
