<?xml version="1.0" encoding="UTF-8"?>
<!-- Generated by org.testng.reporters.JUnitReportReporter -->
<testsuite skipped="0" hostname="LTSSENTHIV" name="LearningSeleniumTestNg.getAndNavigate" tests="2" failures="0" timestamp="29 May 2018 14:49:21 GMT" time="77.640" errors="0">
  <testcase name="navigateCommands" time="39.412" classname="LearningSeleniumTestNg.getAndNavigate"/>
  <testcase name="getCommands" time="38.228" classname="LearningSeleniumTestNg.getAndNavigate"/>
</testsuite> <!-- LearningSeleniumTestNg.getAndNavigate -->
