<?xml version="1.0" encoding="UTF-8"?>
<!-- Generated by org.testng.reporters.JUnitReportReporter -->
<testsuite skipped="3" hostname="LTSSENTHIV" name="com.tractiondigital.SuiteTestingForm.SuiteTestingFormValidDataTest" tests="3" failures="0" timestamp="12 Aug 2018 15:25:37 GMT" time="0.000" errors="0">
  <testcase name="SuiteTestingFormValidDataTestPOM" time="0.000" classname="com.tractiondigital.SuiteTestingForm.SuiteTestingFormValidDataTest">
    <skipped/>
  </testcase> <!-- SuiteTestingFormValidDataTestPOM -->
  <testcase name="SuiteTestingFormValidDataTestPOM" time="0.000" classname="com.tractiondigital.SuiteTestingForm.SuiteTestingFormValidDataTest">
    <skipped/>
  </testcase> <!-- SuiteTestingFormValidDataTestPOM -->
  <testcase name="SuiteTestingFormValidDataTestPOM" time="0.000" classname="com.tractiondigital.SuiteTestingForm.SuiteTestingFormValidDataTest">
    <skipped/>
  </testcase> <!-- SuiteTestingFormValidDataTestPOM -->
</testsuite> <!-- com.tractiondigital.SuiteTestingForm.SuiteTestingFormValidDataTest -->
